<?xml version="1.0" encoding="UTF-8"?>
<!-- Generated by org.testng.reporters.JUnitReportReporter -->
<testsuite skipped="0" hostname="sathyk31" name="com.training.sanity.tests.NewTabTest" tests="1" failures="0" timestamp="22 Feb 2019 08:30:04 GMT" time="5.744" errors="0">
  <testcase name="method1" time="5.744" classname="com.training.sanity.tests.NewTabTest"/>
</testsuite> <!-- com.training.sanity.tests.NewTabTest -->
