<?xml version="1.0" encoding="UTF-8"?>
<!-- Generated by org.testng.reporters.JUnitReportReporter -->
<testsuite skipped="0" hostname="sathyk31" name="com.training.sanity.tests.GroupTest" tests="3" failures="0" timestamp="20 Feb 2019 07:46:29 GMT" time="29.699" errors="0">
  <testcase name="Login" time="10.100" classname="com.training.sanity.tests.GroupTest"/>
  <testcase name="GroupCreation" time="19.496" classname="com.training.sanity.tests.GroupTest"/>
  <testcase name="saveText" time="0.103" classname="com.training.sanity.tests.GroupTest"/>
</testsuite> <!-- com.training.sanity.tests.GroupTest -->
