<?xml version="1.0" encoding="UTF-8"?>
<!-- Generated by org.testng.reporters.JUnitReportReporter -->
<testsuite skipped="0" hostname="sathyk31" name="com.training.sanity.tests.AssignmentCorrectionTest" tests="2" failures="0" timestamp="20 Feb 2019 05:43:36 GMT" time="23.208" errors="0">
  <testcase name="Login" time="10.239" classname="com.training.sanity.tests.AssignmentCorrectionTest"/>
  <testcase name="assignmentCorect" time="12.969" classname="com.training.sanity.tests.AssignmentCorrectionTest"/>
</testsuite> <!-- com.training.sanity.tests.AssignmentCorrectionTest -->
