<?xml version="1.0" encoding="UTF-8"?>
<!-- Generated by org.testng.reporters.JUnitReportReporter -->
<testsuite skipped="0" hostname="sathyk31" name="com.training.sanity.tests.test" tests="3" failures="0" timestamp="01 Mar 2019 04:36:19 GMT" time="0.016" errors="0">
  <testcase name="method1" time="0.016" classname="com.training.sanity.tests.test"/>
  <testcase name="method3" time="0.000" classname="com.training.sanity.tests.test"/>
  <testcase name="method2" time="0.000" classname="com.training.sanity.tests.test"/>
</testsuite> <!-- com.training.sanity.tests.test -->
