<?xml version="1.0" encoding="UTF-8"?>
<!-- Generated by org.testng.reporters.JUnitReportReporter -->
<testsuite skipped="0" hostname="sathyk31" name="com.training.regression.tests.LoginDBTest" tests="1" failures="0" timestamp="06 Mar 2019 04:46:05 GMT" time="16.086" errors="0">
  <testcase name="loginDBTest" time="16.086" classname="com.training.regression.tests.LoginDBTest"/>
</testsuite> <!-- com.training.regression.tests.LoginDBTest -->
