<?xml version="1.0" encoding="UTF-8"?>
<!-- Generated by org.testng.reporters.JUnitReportReporter -->
<testsuite skipped="0" hostname="sathyk31" name="com.training.sanity.tests.ProjectTest" tests="3" failures="0" timestamp="22 Feb 2019 04:23:32 GMT" time="40.187" errors="0">
  <testcase name="Login" time="12.600" classname="com.training.sanity.tests.ProjectTest"/>
  <testcase name="project" time="27.502" classname="com.training.sanity.tests.ProjectTest"/>
  <testcase name="assertion" time="0.085" classname="com.training.sanity.tests.ProjectTest"/>
</testsuite> <!-- com.training.sanity.tests.ProjectTest -->
