<?xml version="1.0" encoding="UTF-8"?>
<!-- Generated by org.testng.reporters.JUnitReportReporter -->
<testsuite skipped="0" hostname="sathyk31" name="com.training.regression.tests.LoginExcelTest" tests="2" failures="0" timestamp="28 Feb 2019 10:54:54 GMT" time="36.680" errors="0">
  <testcase name="loginDBTest" time="20.423" classname="com.training.regression.tests.LoginExcelTest"/>
  <testcase name="loginDBTest" time="16.257" classname="com.training.regression.tests.LoginExcelTest"/>
</testsuite> <!-- com.training.regression.tests.LoginExcelTest -->
