<?xml version="1.0" encoding="UTF-8"?>
<!-- Generated by org.testng.reporters.JUnitReportReporter -->
<testsuite skipped="0" hostname="sathyk31" name="com.training.regression.tests.CheckInvalidUserData" tests="6" failures="0" timestamp="08 Mar 2019 07:52:40 GMT" time="40.796" errors="0">
  <testcase name="login" time="4.951" classname="com.training.regression.tests.CheckInvalidUserData"/>
  <testcase name="AddUser" time="8.037" classname="com.training.regression.tests.CheckInvalidUserData"/>
  <testcase name="AddUser" time="9.676" classname="com.training.regression.tests.CheckInvalidUserData"/>
  <testcase name="AddUser" time="9.144" classname="com.training.regression.tests.CheckInvalidUserData"/>
  <testcase name="AddUser" time="8.891" classname="com.training.regression.tests.CheckInvalidUserData"/>
  <testcase name="assertion" time="0.097" classname="com.training.regression.tests.CheckInvalidUserData"/>
</testsuite> <!-- com.training.regression.tests.CheckInvalidUserData -->
