<?xml version="1.0" encoding="UTF-8"?>
<!-- Generated by org.testng.reporters.JUnitReportReporter -->
<testsuite skipped="0" hostname="sathyk31" name="com.training.sanity.tests.AddCourse_test" tests="3" failures="0" timestamp="02 Mar 2019 05:43:58 GMT" time="25.690" errors="0">
  <testcase name="TestCase2" time="14.315" classname="com.training.sanity.tests.AddCourse_test"/>
  <testcase name="frameTest" time="9.421" classname="com.training.sanity.tests.AddCourse_test"/>
  <testcase name="saveText" time="1.954" classname="com.training.sanity.tests.AddCourse_test"/>
</testsuite> <!-- com.training.sanity.tests.AddCourse_test -->
