<?xml version="1.0" encoding="UTF-8"?>
<!-- Generated by org.testng.reporters.JUnitReportReporter -->
<testsuite skipped="0" hostname="sathyk31" name="com.training.sanity.tests.GenerateReportTest" tests="3" failures="0" timestamp="22 Feb 2019 05:03:01 GMT" time="19.206" errors="0">
  <testcase name="Login" time="4.559" classname="com.training.sanity.tests.GenerateReportTest"/>
  <testcase name="Reporting" time="14.577" classname="com.training.sanity.tests.GenerateReportTest"/>
  <testcase name="assertion" time="0.070" classname="com.training.sanity.tests.GenerateReportTest"/>
</testsuite> <!-- com.training.sanity.tests.GenerateReportTest -->
