<?xml version="1.0" encoding="UTF-8"?>
<!-- Generated by org.testng.reporters.JUnitReportReporter -->
<testsuite skipped="0" hostname="sathyk31" name="com.training.sanity.tests.unSubscriptionTest" tests="2" failures="0" timestamp="14 Feb 2019 06:21:56 GMT" time="15.214" errors="0">
  <testcase name="TestCase1" time="6.059" classname="com.training.sanity.tests.unSubscriptionTest"/>
  <testcase name="clickUser" time="9.155" classname="com.training.sanity.tests.unSubscriptionTest"/>
</testsuite> <!-- com.training.sanity.tests.unSubscriptionTest -->
