<?xml version="1.0" encoding="UTF-8"?>
<!-- Generated by org.testng.reporters.JUnitReportReporter -->
<testsuite skipped="0" hostname="sathyk31" name="com.training.sanity.tests.test" tests="1" failures="0" timestamp="21 Feb 2019 07:25:34 GMT" time="6.444" errors="0">
  <testcase name="method1" time="6.444" classname="com.training.sanity.tests.test"/>
</testsuite> <!-- com.training.sanity.tests.test -->
