<?xml version="1.0" encoding="UTF-8"?>
<!-- Generated by org.testng.reporters.JUnitReportReporter -->
<testsuite skipped="0" hostname="sathyk31" name="com.training.sanity.tests.courseDescriptionAddTests" tests="4" failures="0" timestamp="14 Feb 2019 07:19:18 GMT" time="26.951" errors="0">
  <testcase name="TestCase1" time="7.044" classname="com.training.sanity.tests.courseDescriptionAddTests"/>
  <testcase name="clickDescription" time="9.712" classname="com.training.sanity.tests.courseDescriptionAddTests"/>
  <testcase name="frameTest" time="7.123" classname="com.training.sanity.tests.courseDescriptionAddTests"/>
  <testcase name="saveText" time="3.072" classname="com.training.sanity.tests.courseDescriptionAddTests"/>
</testsuite> <!-- com.training.sanity.tests.courseDescriptionAddTests -->
