<?xml version="1.0" encoding="UTF-8"?>
<!-- Generated by org.testng.reporters.JUnitReportReporter -->
<testsuite skipped="0" hostname="sathyk31" name="com.training.sanity.tests.AddCourse_test" tests="3" failures="0" timestamp="14 Feb 2019 05:31:17 GMT" time="25.879" errors="0">
  <testcase name="TestCase2" time="14.113" classname="com.training.sanity.tests.AddCourse_test"/>
  <testcase name="frameTest" time="9.443" classname="com.training.sanity.tests.AddCourse_test"/>
  <testcase name="saveText" time="2.323" classname="com.training.sanity.tests.AddCourse_test"/>
</testsuite> <!-- com.training.sanity.tests.AddCourse_test -->
