<?xml version="1.0" encoding="UTF-8"?>
<!-- Generated by org.testng.reporters.JUnitReportReporter -->
<testsuite skipped="0" hostname="sathyk31" name="com.training.sanity.tests.courseCatalogTest" tests="2" failures="0" timestamp="14 Feb 2019 07:10:01 GMT" time="12.190" errors="0">
  <testcase name="Login" time="6.103" classname="com.training.sanity.tests.courseCatalogTest"/>
  <testcase name="courseCatalog" time="6.087" classname="com.training.sanity.tests.courseCatalogTest"/>
</testsuite> <!-- com.training.sanity.tests.courseCatalogTest -->
